#-----------------------------------------------------------
# Vivado v2019.1 (64-bit)
# SW Build 2552052 on Fri May 24 14:49:42 MDT 2019
# IP Build 2548770 on Fri May 24 18:01:18 MDT 2019
# Start of session at: Mon Aug 14 10:50:17 2023
# Process ID: 2280
# Current directory: C:/Users/Neta/Desktop/pro/mcpdac
# Command line: vivado.exe -gui_launcher_event rodinguilauncherevent2744 C:\Users\Neta\Desktop\pro\mcpdac\mcpdac.xpr
# Log file: C:/Users/Neta/Desktop/pro/mcpdac/vivado.log
# Journal file: C:/Users/Neta/Desktop/pro/mcpdac\vivado.jou
#-----------------------------------------------------------
start_gui
open_project C:/Users/Neta/Desktop/pro/mcpdac/mcpdac.xpr
Scanning sources...
Finished scanning sources
INFO: [IP_Flow 19-234] Refreshing IP repositories
INFO: [IP_Flow 19-1704] No user IP repositories specified
INFO: [IP_Flow 19-2313] Loaded Vivado IP repository 'C:/Xilinx/Vivado/2019.1/data/ip'.
open_project: Time (s): cpu = 00:00:12 ; elapsed = 00:00:05 . Memory (MB): peak = 768.656 ; gain = 113.836
update_compile_order -fileset sources_1
exit
INFO: [Common 17-206] Exiting Vivado at Mon Aug 14 10:51:16 2023...
