INFO: [VRFC 10-163] Analyzing VHDL file "C:/Users/Neta/Desktop/pro/mcpdac/mcpdac.srcs/sources_1/ip/clk_wiz_0_3/clk_wiz_0_sim_netlist.vhdl" into library xil_defaultlib
INFO: [VRFC 10-3107] analyzing entity 'clk_wiz_0_clk_wiz_0_clk_wiz'
INFO: [VRFC 10-3107] analyzing entity 'clk_wiz_0'
INFO: [VRFC 10-163] Analyzing VHDL file "C:/Users/Neta/Desktop/pro/mcpdac/mcpdac.srcs/sources_1/new/uart/baudratesel.vhd" into library xil_defaultlib
INFO: [VRFC 10-3107] analyzing entity 'baudsel'
INFO: [VRFC 10-163] Analyzing VHDL file "C:/Users/Neta/Desktop/pro/mcpdac/mcpdac.srcs/sources_1/new/kgen.vhd" into library xil_defaultlib
INFO: [VRFC 10-3107] analyzing entity 'kgen'
INFO: [VRFC 10-163] Analyzing VHDL file "C:/Users/Neta/Desktop/pro/mcpdac/mcpdac.srcs/sources_1/new/mcpdac.vhd" into library xil_defaultlib
INFO: [VRFC 10-3107] analyzing entity 'mcpdac'
INFO: [VRFC 10-163] Analyzing VHDL file "C:/Users/Neta/Desktop/pro/mcpdac/mcpdac.srcs/sources_1/new/sawgen.vhd" into library xil_defaultlib
INFO: [VRFC 10-3107] analyzing entity 'sawgen'
INFO: [VRFC 10-163] Analyzing VHDL file "C:/Users/Neta/Desktop/pro/mcpdac/mcpdac.srcs/sources_1/new/sevensegment.vhd" into library xil_defaultlib
INFO: [VRFC 10-3107] analyzing entity 'sevensegment'
INFO: [VRFC 10-163] Analyzing VHDL file "C:/Users/Neta/Desktop/pro/mcpdac/mcpdac.srcs/sources_1/new/sinwave.vhd" into library xil_defaultlib
INFO: [VRFC 10-3107] analyzing entity 'sinwave'
INFO: [VRFC 10-163] Analyzing VHDL file "C:/Users/Neta/Desktop/pro/mcpdac/mcpdac.srcs/sources_1/new/spi_interface.vhd" into library xil_defaultlib
INFO: [VRFC 10-3107] analyzing entity 'spi_interface'
INFO: [VRFC 10-163] Analyzing VHDL file "C:/Users/Neta/Desktop/pro/mcpdac/mcpdac.srcs/sources_1/new/top.vhd" into library xil_defaultlib
INFO: [VRFC 10-3107] analyzing entity 'top'
INFO: [VRFC 10-163] Analyzing VHDL file "C:/Users/Neta/Desktop/pro/mcpdac/mcpdac.srcs/sources_1/new/triangular.vhd" into library xil_defaultlib
INFO: [VRFC 10-3107] analyzing entity 'triangular'
INFO: [VRFC 10-163] Analyzing VHDL file "C:/Users/Neta/Desktop/pro/mcpdac/mcpdac.srcs/sources_1/new/uart/uart_rx.vhd" into library xil_defaultlib
INFO: [VRFC 10-3107] analyzing entity 'uart_rx'
INFO: [VRFC 10-163] Analyzing VHDL file "C:/Users/Neta/Desktop/pro/mcpdac/mcpdac.srcs/sources_1/new/uart_spi_top.vhd" into library xil_defaultlib
INFO: [VRFC 10-3107] analyzing entity 'uart_spi_top'
INFO: [VRFC 10-163] Analyzing VHDL file "C:/Users/Neta/Desktop/pro/mcpdac/mcpdac.srcs/sources_1/new/uart_to_spi.vhd" into library xil_defaultlib
INFO: [VRFC 10-3107] analyzing entity 'uart_to_spi'
INFO: [VRFC 10-163] Analyzing VHDL file "C:/Users/Neta/Desktop/pro/mcpdac/mcpdac.srcs/sources_1/new/uart/uart_tx.vhd" into library xil_defaultlib
INFO: [VRFC 10-3107] analyzing entity 'uart_tx'
INFO: [VRFC 10-163] Analyzing VHDL file "C:/Users/Neta/Desktop/pro/mcpdac/mcpdac.srcs/sources_1/new/waveselect.vhd" into library xil_defaultlib
INFO: [VRFC 10-3107] analyzing entity 'waveselect'
INFO: [VRFC 10-163] Analyzing VHDL file "C:/Users/Neta/Desktop/pro/mcpdac/mcpdac.srcs/sim_1/new/test.vhd" into library xil_defaultlib
INFO: [VRFC 10-3107] analyzing entity 'test'
